[066月2026 23:31:38.900] [main/INFO] [net.neoforged.fml.startup.Entrypoint/]: JVM Uptime at startup: 433ms
[066月2026 23:31:38.912] [main/INFO] [net.neoforged.fml.loading.FMLLoader/]: Starting FancyModLoader version 11.0.13 (CLIENT in DEV)
[066月2026 23:31:38.912] [main/INFO] [net.neoforged.fml.loading.FMLLoader/]: Game directory: J:\minecraft orgenal mod with GPT\blue_student\neoforge\run
[066月2026 23:31:38.961] [main/INFO] [net.neoforged.fml.loading.EarlyServiceDiscovery/]: Found 2 early service jars (out of 108) in 20ms
[066月2026 23:31:38.962] [main/INFO] [net.neoforged.fml.loading.FMLLoader/]: Loading FML Early Services:
[066月2026 23:31:38.962] [main/INFO] [net.neoforged.fml.loading.FMLLoader/]:  - C:/Users/Owner/.gradle/caches/modules-2/files-2.1/net.neoforged.fancymodloader/loader/11.0.13/c9c89eaf35535990110088224d188748d81eaecf/loader-11.0.13.jar
[066月2026 23:31:38.963] [main/INFO] [net.neoforged.fml.loading.FMLLoader/]:  - C:/Users/Owner/.gradle/caches/modules-2/files-2.1/net.neoforged.fancymodloader/earlydisplay/11.0.13/491a1bedecb33802fa118cae384b60f91f6f0241/earlydisplay-11.0.13.jar
[066月2026 23:31:38.966] [main/INFO] [net.neoforged.fml.loading.ImmediateWindowHandler/]: Loading ImmediateWindowProvider fmlearlywindow
[066月2026 23:31:40.106] [ForkJoinPool.commonPool-worker-14/INFO] [net.neoforged.fml.loading.moddiscovery.locators.GameLocator/]: Detected a joined NeoForge and Minecraft configuration. Applying filtering...
[066月2026 23:31:40.164] [ForkJoinPool.commonPool-worker-14/INFO] [net.neoforged.fml.loading.moddiscovery.locators.InDevFolderLocator/CORE]: Got mod coordinates blue_student%%J:\minecraft orgenal mod with GPT\blue_student\neoforge\build\classes\java\main;blue_student%%J:\minecraft orgenal mod with GPT\blue_student\neoforge\build\resources\main from env
[066月2026 23:31:40.328] [fml-loadingscreen/INFO] [net.neoforged.fml.earlydisplay.render.LoadingScreenRenderer/]: GL info: NVIDIA GeForce GTX 1650/PCIe/SSE2 GL version 3.3.0 NVIDIA 596.49, NVIDIA Corporation
[066月2026 23:31:40.395] [ForkJoinPool.commonPool-worker-14/INFO] [net.neoforged.fml.loading.moddiscovery.locators.JarInJarDependencyLocator/]: Found 2 dependencies adding them to mods collection
[066月2026 23:31:40.397] [ForkJoinPool.commonPool-worker-14/INFO] [net.neoforged.fml.loading.moddiscovery.ModDiscoverer/]: 
     Mod List:
		Name Version (Mod Id)

		Blue Student 1.4.3 (blue_student)
		GeckoLib 5 5.5.1 (geckolib)
		Minecraft 26.1.2 (minecraft)
		NeoForge 26.1.2.43-beta (neoforge)
[066月2026 23:31:40.540] [main/INFO] [mixin/]: SpongePowered MIXIN Subsystem Version=0.8.7 Source=file:/C:/Users/Owner/.gradle/caches/modules-2/files-2.1/net.fabricmc/sponge-mixin/0.17.3+mixin.0.8.7/41c4a3984a80f4679e759fb9f495587acc5cdac7/sponge-mixin-0.17.3+mixin.0.8.7.jar Service=FML Env=CLIENT
[066月2026 23:31:40.557] [main/INFO] [net.neoforged.fml.loading.FMLLoader/]: Loading FML Plugins:
[066月2026 23:31:40.557] [main/INFO] [net.neoforged.fml.loading.FMLLoader/]:  - C:/Users/Owner/.gradle/caches/modules-2/files-2.1/net.neoforged/neoforge/26.1.2.43-beta/6b8b2150f4db76b1ac1890aba0033359fd84abba/neoforge-26.1.2.43-beta-universal.jar > net.neoforged.neoforge-coremods-26.1.2.43-beta.jar
[066月2026 23:31:40.660] [main/INFO] [net.neoforged.fml.loading.FMLLoader/]: Building game content classloader:
 - blue_student (composite(folder(J:/minecraft orgenal mod with GPT/blue_student/neoforge/build/classes/java/main), folder(J:/minecraft orgenal mod with GPT/blue_student/neoforge/build/resources/main)))
 - geckolib (jar(C:/Users/Owner/.gradle/caches/modules-2/files-2.1/curse.maven/geckolib-388172/7913641/ea53340011e1794bfdd01e3dc5fdef83afd83d1c/geckolib-388172-7913641.jar))
 - minecraft (composite(filtered(jar(J:/minecraft orgenal mod with GPT/blue_student/neoforge/build/moddev/artifacts/minecraft-patched-26.1.2.43-beta.jar)), filtered(jar(J:/minecraft orgenal mod with GPT/blue_student/neoforge/build/moddev/artifacts/minecraft-patched-26.1.2.43-beta.jar))))
 - mixinextras.neoforge (jar(C:/Users/Owner/.gradle/caches/modules-2/files-2.1/net.neoforged/neoforge/26.1.2.43-beta/6b8b2150f4db76b1ac1890aba0033359fd84abba/neoforge-26.1.2.43-beta-universal.jar > mixinextras-neoforge-0.5.4.jar))
 - neoforge (composite(filtered(jar(C:/Users/Owner/.gradle/caches/modules-2/files-2.1/net.neoforged/neoforge/26.1.2.43-beta/6b8b2150f4db76b1ac1890aba0033359fd84abba/neoforge-26.1.2.43-beta-universal.jar))))
 - net.neoforged.fml.generated (empty(VirtualJar/net.neoforged.fml.generated))
[066月2026 23:31:40.669] [main/INFO] [net.neoforged.fml.loading.FMLLoader/]: Built game content classloader in 14ms
[066月2026 23:31:44.335] [Datafixer Bootstrap/INFO] [com.mojang.datafixers.DataFixerBuilder/]: 294 Datafixer optimizations took 154 milliseconds
[066月2026 23:31:44.778] [pool-9-thread-1/INFO] [MixinExtras|Service/]: Initializing MixinExtras via com.llamalad7.mixinextras.service.MixinExtrasServiceImpl(version=0.5.4).
[066月2026 23:31:47.560] [main/WARN] [net.minecraft.commands.Commands/]: Ambiguity between arguments [teleport, location] and [teleport, destination] with inputs: [0.1 -0.5 .9, 0 0 0]
[066月2026 23:31:47.560] [main/WARN] [net.minecraft.commands.Commands/]: Ambiguity between arguments [teleport, location] and [teleport, targets] with inputs: [0.1 -0.5 .9, 0 0 0]
[066月2026 23:31:47.562] [main/WARN] [net.minecraft.commands.Commands/]: Ambiguity between arguments [teleport, destination] and [teleport, targets] with inputs: [Player, 0123, @e, dd12be42-52a9-4a91-a8a1-11c01849e498]
[066月2026 23:31:47.563] [main/WARN] [net.minecraft.commands.Commands/]: Ambiguity between arguments [teleport, targets] and [teleport, destination] with inputs: [Player, 0123, dd12be42-52a9-4a91-a8a1-11c01849e498]
[066月2026 23:31:47.563] [main/WARN] [net.minecraft.commands.Commands/]: Ambiguity between arguments [teleport, targets, location] and [teleport, targets, destination] with inputs: [0.1 -0.5 .9, 0 0 0]
[066月2026 23:31:47.564] [main/WARN] [net.minecraft.commands.Commands/]: Ambiguity between arguments [time, set, time] and [time, set, timemarker] with inputs: [0, 0s, 0d, 0t]
[066月2026 23:31:47.564] [main/WARN] [net.minecraft.commands.Commands/]: Ambiguity between arguments [time, set, timemarker] and [time, set, time] with inputs: [012]
[066月2026 23:31:47.565] [main/WARN] [net.minecraft.commands.Commands/]: Ambiguity between arguments [time, of, clock, set, time] and [time, of, clock, set, timemarker] with inputs: [0, 0s, 0d, 0t]
[066月2026 23:31:47.565] [main/WARN] [net.minecraft.commands.Commands/]: Ambiguity between arguments [time, of, clock, set, timemarker] and [time, of, clock, set, time] with inputs: [012]
[066月2026 23:31:47.566] [main/WARN] [net.minecraft.commands.Commands/]: Ambiguity between arguments [waypoint, modify, waypoint, color, reset] and [waypoint, modify, waypoint, color, color] with inputs: [reset]
[066月2026 23:31:47.601] [modloading-worker-0/INFO] [net.neoforged.neoforge.common.NeoForgeMod/NEOFORGE-MOD]: NeoForge mod loading, version 26.1.2.43-beta, for MC 26.1.2
[066月2026 23:31:47.609] [modloading-worker-0/INFO] [blue_student/]: [BlueStudent] NeoForge init start
[066月2026 23:31:47.618] [modloading-worker-0/INFO] [blue_student/]: [BlueStudent] ModLoot init skipped for NeoForge
[066月2026 23:31:47.622] [modloading-worker-0/INFO] [blue_student/]: [BlueStudent] NeoForge init end
[066月2026 23:31:47.968] [Render thread/INFO] [com.mojang.authlib.yggdrasil.YggdrasilAuthenticationService/]: Environment: Environment[sessionHost=https://sessionserver.mojang.com, servicesHost=https://api.minecraftservices.com, profilesHost=https://api.mojang.com, name=PROD]
[066月2026 23:31:47.976] [Render thread/INFO] [net.minecraft.client.Minecraft/]: Setting user: Dev
[066月2026 23:31:48.026] [Render thread/INFO] [net.minecraft.client.Minecraft/]: Backend library: LWJGL version 3.4.1+2
[066月2026 23:31:48.143] [Render thread/INFO] [net.minecraft.client.Minecraft/]: Using optional rendering extensions: GL_ARB_buffer_storage, GL_KHR_debug, GL_ARB_vertex_attrib_binding, GL_ARB_direct_state_access, GL_EXT_texture_filter_anisotropic
[066月2026 23:31:48.841] [Render thread/INFO] [blue_student/]: [BlueStudentClient] registerRenderers
[066月2026 23:31:49.063] [Render thread/INFO] [net.minecraft.server.packs.resources.ReloadableResourceManager/]: Reloading ResourceManager: vanilla, mod_resources, mod/geckolib, mod/blue_student, mod/neoforge
[066月2026 23:31:49.119] [resourceLoad/INFO] [net.minecraft.client.gui.font.providers.UnihexProvider/]: Found unifont_all_no_pua-17.0.01.hex, loading
[066月2026 23:31:49.119] [resourceLoad/INFO] [net.minecraft.client.gui.font.providers.UnihexProvider/]: Found unifont_pua-17.0.01.hex, loading
[066月2026 23:31:49.120] [resourceLoad/INFO] [net.minecraft.client.gui.font.providers.UnihexProvider/]: Found unifont_jp_patch-17.0.01.hex, loading
[066月2026 23:31:49.337] [resourceLoad/ERROR] [GeckoLib/]: Duplicate locator name found in bone 'root': 'towing'
[066月2026 23:31:49.615] [resourceLoad/WARN] [net.minecraft.client.resources.model.ModelDiscovery/]: Missing block model: blue_student:block/tablet
[066月2026 23:31:49.617] [resourceLoad/WARN] [net.minecraft.client.resources.model.ModelDiscovery/]: Missing block model: blue_student:block/craft_chamber
[066月2026 23:31:49.879] [resourceLoad/WARN] [net.minecraft.client.resources.model.ModelManager/]: Missing model for variant: 'Block{blue_student:only_bed}[facing=north,half=upper,part=head,student=shiroko]'
[066月2026 23:31:49.879] [resourceLoad/WARN] [net.minecraft.client.resources.model.ModelManager/]: Missing model for variant: 'Block{blue_student:only_bed}[facing=north,half=upper,part=head,student=hoshino]'
[066月2026 23:31:49.879] [resourceLoad/WARN] [net.minecraft.client.resources.model.ModelManager/]: Missing model for variant: 'Block{blue_student:only_bed}[facing=north,half=upper,part=head,student=hina]'
[066月2026 23:31:49.879] [resourceLoad/WARN] [net.minecraft.client.resources.model.ModelManager/]: Missing model for variant: 'Block{blue_student:only_bed}[facing=north,half=upper,part=head,student=alice]'
[066月2026 23:31:49.879] [resourceLoad/WARN] [net.minecraft.client.resources.model.ModelManager/]: Missing model for variant: 'Block{blue_student:only_bed}[facing=north,half=upper,part=head,student=kisaki]'
[066月2026 23:31:49.879] [resourceLoad/WARN] [net.minecraft.client.resources.model.ModelManager/]: Missing model for variant: 'Block{blue_student:only_bed}[facing=north,half=upper,part=head,student=marie]'
[066月2026 23:31:49.879] [resourceLoad/WARN] [net.minecraft.client.resources.model.ModelManager/]: Missing model for variant: 'Block{blue_student:only_bed}[facing=north,half=upper,part=head,student=hikari]'
[066月2026 23:31:49.879] [resourceLoad/WARN] [net.minecraft.client.resources.model.ModelManager/]: Missing model for variant: 'Block{blue_student:only_bed}[facing=north,half=upper,part=head,student=nozomi]'
[066月2026 23:31:49.879] [resourceLoad/WARN] [net.minecraft.client.resources.model.ModelManager/]: Missing model for variant: 'Block{blue_student:only_bed}[facing=north,half=upper,part=foot,student=shiroko]'
[066月2026 23:31:49.879] [resourceLoad/WARN] [net.minecraft.client.resources.model.ModelManager/]: Missing model for variant: 'Block{blue_student:only_bed}[facing=north,half=upper,part=foot,student=hoshino]'
[066月2026 23:31:49.879] [resourceLoad/WARN] [net.minecraft.client.resources.model.ModelManager/]: Missing model for variant: 'Block{blue_student:only_bed}[facing=north,half=upper,part=foot,student=hina]'
[066月2026 23:31:49.879] [resourceLoad/WARN] [net.minecraft.client.resources.model.ModelManager/]: Missing model for variant: 'Block{blue_student:only_bed}[facing=north,half=upper,part=foot,student=alice]'
[066月2026 23:31:49.879] [resourceLoad/WARN] [net.minecraft.client.resources.model.ModelManager/]: Missing model for variant: 'Block{blue_student:only_bed}[facing=north,half=upper,part=foot,student=kisaki]'
[066月2026 23:31:49.879] [resourceLoad/WARN] [net.minecraft.client.resources.model.ModelManager/]: Missing model for variant: 'Block{blue_student:only_bed}[facing=north,half=upper,part=foot,student=marie]'
[066月2026 23:31:49.879] [resourceLoad/WARN] [net.minecraft.client.resources.model.ModelManager/]: Missing model for variant: 'Block{blue_student:only_bed}[facing=north,half=upper,part=foot,student=hikari]'
[066月2026 23:31:49.879] [resourceLoad/WARN] [net.minecraft.client.resources.model.ModelManager/]: Missing model for variant: 'Block{blue_student:only_bed}[facing=north,half=upper,part=foot,student=nozomi]'
[066月2026 23:31:49.879] [resourceLoad/WARN] [net.minecraft.client.resources.model.ModelManager/]: Missing model for variant: 'Block{blue_student:only_bed}[facing=north,half=lower,part=head,student=shiroko]'
[066月2026 23:31:49.879] [resourceLoad/WARN] [net.minecraft.client.resources.model.ModelManager/]: Missing model for variant: 'Block{blue_student:only_bed}[facing=north,half=lower,part=head,student=hoshino]'
[066月2026 23:31:49.879] [resourceLoad/WARN] [net.minecraft.client.resources.model.ModelManager/]: Missing model for variant: 'Block{blue_student:only_bed}[facing=north,half=lower,part=head,student=hina]'
[066月2026 23:31:49.879] [resourceLoad/WARN] [net.minecraft.client.resources.model.ModelManager/]: Missing model for variant: 'Block{blue_student:only_bed}[facing=north,half=lower,part=head,student=alice]'
[066月2026 23:31:49.879] [resourceLoad/WARN] [net.minecraft.client.resources.model.ModelManager/]: Missing model for variant: 'Block{blue_student:only_bed}[facing=north,half=lower,part=head,student=kisaki]'
[066月2026 23:31:49.879] [resourceLoad/WARN] [net.minecraft.client.resources.model.ModelManager/]: Missing model for variant: 'Block{blue_student:only_bed}[facing=north,half=lower,part=head,student=marie]'
[066月2026 23:31:49.879] [resourceLoad/WARN] [net.minecraft.client.resources.model.ModelManager/]: Missing model for variant: 'Block{blue_student:only_bed}[facing=north,half=lower,part=head,student=hikari]'
[066月2026 23:31:49.879] [resourceLoad/WARN] [net.minecraft.client.resources.model.ModelManager/]: Missing model for variant: 'Block{blue_student:only_bed}[facing=north,half=lower,part=head,student=nozomi]'
[066月2026 23:31:49.879] [resourceLoad/WARN] [net.minecraft.client.resources.model.ModelManager/]: Missing model for variant: 'Block{blue_student:only_bed}[facing=north,half=lower,part=foot,student=shiroko]'
[066月2026 23:31:49.879] [resourceLoad/WARN] [net.minecraft.client.resources.model.ModelManager/]: Missing model for variant: 'Block{blue_student:only_bed}[facing=north,half=lower,part=foot,student=hoshino]'
[066月2026 23:31:49.879] [resourceLoad/WARN] [net.minecraft.client.resources.model.ModelManager/]: Missing model for variant: 'Block{blue_student:only_bed}[facing=north,half=lower,part=foot,student=hina]'
[066月2026 23:31:49.879] [resourceLoad/WARN] [net.minecraft.client.resources.model.ModelManager/]: Missing model for variant: 'Block{blue_student:only_bed}[facing=north,half=lower,part=foot,student=alice]'
[066月2026 23:31:49.879] [resourceLoad/WARN] [net.minecraft.client.resources.model.ModelManager/]: Missing model for variant: 'Block{blue_student:only_bed}[facing=north,half=lower,part=foot,student=kisaki]'
[066月2026 23:31:49.879] [resourceLoad/WARN] [net.minecraft.client.resources.model.ModelManager/]: Missing model for variant: 'Block{blue_student:only_bed}[facing=north,half=lower,part=foot,student=marie]'
[066月2026 23:31:49.879] [resourceLoad/WARN] [net.minecraft.client.resources.model.ModelManager/]: Missing model for variant: 'Block{blue_student:only_bed}[facing=north,half=lower,part=foot,student=hikari]'
[066月2026 23:31:49.879] [resourceLoad/WARN] [net.minecraft.client.resources.model.ModelManager/]: Missing model for variant: 'Block{blue_student:only_bed}[facing=north,half=lower,part=foot,student=nozomi]'
[066月2026 23:31:49.880] [resourceLoad/WARN] [net.minecraft.client.resources.model.ModelManager/]: Missing model for variant: 'Block{blue_student:only_bed}[facing=south,half=upper,part=head,student=shiroko]'
[066月2026 23:31:49.880] [resourceLoad/WARN] [net.minecraft.client.resources.model.ModelManager/]: Missing model for variant: 'Block{blue_student:only_bed}[facing=south,half=upper,part=head,student=hoshino]'
[066月2026 23:31:49.880] [resourceLoad/WARN] [net.minecraft.client.resources.model.ModelManager/]: Missing model for variant: 'Block{blue_student:only_bed}[facing=south,half=upper,part=head,student=hina]'
[066月2026 23:31:49.880] [resourceLoad/WARN] [net.minecraft.client.resources.model.ModelManager/]: Missing model for variant: 'Block{blue_student:only_bed}[facing=south,half=upper,part=head,student=alice]'
[066月2026 23:31:49.880] [resourceLoad/WARN] [net.minecraft.client.resources.model.ModelManager/]: Missing model for variant: 'Block{blue_student:only_bed}[facing=south,half=upper,part=head,student=kisaki]'
[066月2026 23:31:49.880] [resourceLoad/WARN] [net.minecraft.client.resources.model.ModelManager/]: Missing model for variant: 'Block{blue_student:only_bed}[facing=south,half=upper,part=head,student=marie]'
[066月2026 23:31:49.880] [resourceLoad/WARN] [net.minecraft.client.resources.model.ModelManager/]: Missing model for variant: 'Block{blue_student:only_bed}[facing=south,half=upper,part=head,student=hikari]'
[066月2026 23:31:49.880] [resourceLoad/WARN] [net.minecraft.client.resources.model.ModelManager/]: Missing model for variant: 'Block{blue_student:only_bed}[facing=south,half=upper,part=head,student=nozomi]'
[066月2026 23:31:49.880] [resourceLoad/WARN] [net.minecraft.client.resources.model.ModelManager/]: Missing model for variant: 'Block{blue_student:only_bed}[facing=south,half=upper,part=foot,student=shiroko]'
[066月2026 23:31:49.880] [resourceLoad/WARN] [net.minecraft.client.resources.model.ModelManager/]: Missing model for variant: 'Block{blue_student:only_bed}[facing=south,half=upper,part=foot,student=hoshino]'
[066月2026 23:31:49.880] [resourceLoad/WARN] [net.minecraft.client.resources.model.ModelManager/]: Missing model for variant: 'Block{blue_student:only_bed}[facing=south,half=upper,part=foot,student=hina]'
[066月2026 23:31:49.880] [resourceLoad/WARN] [net.minecraft.client.resources.model.ModelManager/]: Missing model for variant: 'Block{blue_student:only_bed}[facing=south,half=upper,part=foot,student=alice]'
[066月2026 23:31:49.880] [resourceLoad/WARN] [net.minecraft.client.resources.model.ModelManager/]: Missing model for variant: 'Block{blue_student:only_bed}[facing=south,half=upper,part=foot,student=kisaki]'
[066月2026 23:31:49.880] [resourceLoad/WARN] [net.minecraft.client.resources.model.ModelManager/]: Missing model for variant: 'Block{blue_student:only_bed}[facing=south,half=upper,part=foot,student=marie]'
[066月2026 23:31:49.880] [resourceLoad/WARN] [net.minecraft.client.resources.model.ModelManager/]: Missing model for variant: 'Block{blue_student:only_bed}[facing=south,half=upper,part=foot,student=hikari]'
[066月2026 23:31:49.880] [resourceLoad/WARN] [net.minecraft.client.resources.model.ModelManager/]: Missing model for variant: 'Block{blue_student:only_bed}[facing=south,half=upper,part=foot,student=nozomi]'
[066月2026 23:31:49.880] [resourceLoad/WARN] [net.minecraft.client.resources.model.ModelManager/]: Missing model for variant: 'Block{blue_student:only_bed}[facing=south,half=lower,part=head,student=shiroko]'
[066月2026 23:31:49.880] [resourceLoad/WARN] [net.minecraft.client.resources.model.ModelManager/]: Missing model for variant: 'Block{blue_student:only_bed}[facing=south,half=lower,part=head,student=hoshino]'
[066月2026 23:31:49.880] [resourceLoad/WARN] [net.minecraft.client.resources.model.ModelManager/]: Missing model for variant: 'Block{blue_student:only_bed}[facing=south,half=lower,part=head,student=hina]'
[066月2026 23:31:49.880] [resourceLoad/WARN] [net.minecraft.client.resources.model.ModelManager/]: Missing model for variant: 'Block{blue_student:only_bed}[facing=south,half=lower,part=head,student=alice]'
[066月2026 23:31:49.880] [resourceLoad/WARN] [net.minecraft.client.resources.model.ModelManager/]: Missing model for variant: 'Block{blue_student:only_bed}[facing=south,half=lower,part=head,student=kisaki]'
[066月2026 23:31:49.880] [resourceLoad/WARN] [net.minecraft.client.resources.model.ModelManager/]: Missing model for variant: 'Block{blue_student:only_bed}[facing=south,half=lower,part=head,student=marie]'
[066月2026 23:31:49.880] [resourceLoad/WARN] [net.minecraft.client.resources.model.ModelManager/]: Missing model for variant: 'Block{blue_student:only_bed}[facing=south,half=lower,part=head,student=hikari]'
[066月2026 23:31:49.880] [resourceLoad/WARN] [net.minecraft.client.resources.model.ModelManager/]: Missing model for variant: 'Block{blue_student:only_bed}[facing=south,half=lower,part=head,student=nozomi]'
[066月2026 23:31:49.880] [resourceLoad/WARN] [net.minecraft.client.resources.model.ModelManager/]: Missing model for variant: 'Block{blue_student:only_bed}[facing=south,half=lower,part=foot,student=shiroko]'
[066月2026 23:31:49.880] [resourceLoad/WARN] [net.minecraft.client.resources.model.ModelManager/]: Missing model for variant: 'Block{blue_student:only_bed}[facing=south,half=lower,part=foot,student=hoshino]'
[066月2026 23:31:49.880] [resourceLoad/WARN] [net.minecraft.client.resources.model.ModelManager/]: Missing model for variant: 'Block{blue_student:only_bed}[facing=south,half=lower,part=foot,student=hina]'
[066月2026 23:31:49.880] [resourceLoad/WARN] [net.minecraft.client.resources.model.ModelManager/]: Missing model for variant: 'Block{blue_student:only_bed}[facing=south,half=lower,part=foot,student=alice]'
[066月2026 23:31:49.880] [resourceLoad/WARN] [net.minecraft.client.resources.model.ModelManager/]: Missing model for variant: 'Block{blue_student:only_bed}[facing=south,half=lower,part=foot,student=kisaki]'
[066月2026 23:31:49.880] [resourceLoad/WARN] [net.minecraft.client.resources.model.ModelManager/]: Missing model for variant: 'Block{blue_student:only_bed}[facing=south,half=lower,part=foot,student=marie]'
[066月2026 23:31:49.880] [resourceLoad/WARN] [net.minecraft.client.resources.model.ModelManager/]: Missing model for variant: 'Block{blue_student:only_bed}[facing=south,half=lower,part=foot,student=hikari]'
[066月2026 23:31:49.880] [resourceLoad/WARN] [net.minecraft.client.resources.model.ModelManager/]: Missing model for variant: 'Block{blue_student:only_bed}[facing=south,half=lower,part=foot,student=nozomi]'
[066月2026 23:31:49.880] [resourceLoad/WARN] [net.minecraft.client.resources.model.ModelManager/]: Missing model for variant: 'Block{blue_student:only_bed}[facing=west,half=upper,part=head,student=shiroko]'
[066月2026 23:31:49.880] [resourceLoad/WARN] [net.minecraft.client.resources.model.ModelManager/]: Missing model for variant: 'Block{blue_student:only_bed}[facing=west,half=upper,part=head,student=hoshino]'
[066月2026 23:31:49.880] [resourceLoad/WARN] [net.minecraft.client.resources.model.ModelManager/]: Missing model for variant: 'Block{blue_student:only_bed}[facing=west,half=upper,part=head,student=hina]'
[066月2026 23:31:49.880] [resourceLoad/WARN] [net.minecraft.client.resources.model.ModelManager/]: Missing model for variant: 'Block{blue_student:only_bed}[facing=west,half=upper,part=head,student=alice]'
[066月2026 23:31:49.880] [resourceLoad/WARN] [net.minecraft.client.resources.model.ModelManager/]: Missing model for variant: 'Block{blue_student:only_bed}[facing=west,half=upper,part=head,student=kisaki]'
[066月2026 23:31:49.880] [resourceLoad/WARN] [net.minecraft.client.resources.model.ModelManager/]: Missing model for variant: 'Block{blue_student:only_bed}[facing=west,half=upper,part=head,student=marie]'
[066月2026 23:31:49.880] [resourceLoad/WARN] [net.minecraft.client.resources.model.ModelManager/]: Missing model for variant: 'Block{blue_student:only_bed}[facing=west,half=upper,part=head,student=hikari]'
[066月2026 23:31:49.880] [resourceLoad/WARN] [net.minecraft.client.resources.model.ModelManager/]: Missing model for variant: 'Block{blue_student:only_bed}[facing=west,half=upper,part=head,student=nozomi]'
[066月2026 23:31:49.880] [resourceLoad/WARN] [net.minecraft.client.resources.model.ModelManager/]: Missing model for variant: 'Block{blue_student:only_bed}[facing=west,half=upper,part=foot,student=shiroko]'
[066月2026 23:31:49.880] [resourceLoad/WARN] [net.minecraft.client.resources.model.ModelManager/]: Missing model for variant: 'Block{blue_student:only_bed}[facing=west,half=upper,part=foot,student=hoshino]'
[066月2026 23:31:49.880] [resourceLoad/WARN] [net.minecraft.client.resources.model.ModelManager/]: Missing model for variant: 'Block{blue_student:only_bed}[facing=west,half=upper,part=foot,student=hina]'
[066月2026 23:31:49.880] [resourceLoad/WARN] [net.minecraft.client.resources.model.ModelManager/]: Missing model for variant: 'Block{blue_student:only_bed}[facing=west,half=upper,part=foot,student=alice]'
[066月2026 23:31:49.880] [resourceLoad/WARN] [net.minecraft.client.resources.model.ModelManager/]: Missing model for variant: 'Block{blue_student:only_bed}[facing=west,half=upper,part=foot,student=kisaki]'
[066月2026 23:31:49.881] [resourceLoad/WARN] [net.minecraft.client.resources.model.ModelManager/]: Missing model for variant: 'Block{blue_student:only_bed}[facing=west,half=upper,part=foot,student=marie]'
[066月2026 23:31:49.881] [resourceLoad/WARN] [net.minecraft.client.resources.model.ModelManager/]: Missing model for variant: 'Block{blue_student:only_bed}[facing=west,half=upper,part=foot,student=hikari]'
[066月2026 23:31:49.881] [resourceLoad/WARN] [net.minecraft.client.resources.model.ModelManager/]: Missing model for variant: 'Block{blue_student:only_bed}[facing=west,half=upper,part=foot,student=nozomi]'
[066月2026 23:31:49.881] [resourceLoad/WARN] [net.minecraft.client.resources.model.ModelManager/]: Missing model for variant: 'Block{blue_student:only_bed}[facing=west,half=lower,part=head,student=shiroko]'
[066月2026 23:31:49.881] [resourceLoad/WARN] [net.minecraft.client.resources.model.ModelManager/]: Missing model for variant: 'Block{blue_student:only_bed}[facing=west,half=lower,part=head,student=hoshino]'
[066月2026 23:31:49.881] [resourceLoad/WARN] [net.minecraft.client.resources.model.ModelManager/]: Missing model for variant: 'Block{blue_student:only_bed}[facing=west,half=lower,part=head,student=hina]'
[066月2026 23:31:49.881] [resourceLoad/WARN] [net.minecraft.client.resources.model.ModelManager/]: Missing model for variant: 'Block{blue_student:only_bed}[facing=west,half=lower,part=head,student=alice]'
[066月2026 23:31:49.881] [resourceLoad/WARN] [net.minecraft.client.resources.model.ModelManager/]: Missing model for variant: 'Block{blue_student:only_bed}[facing=west,half=lower,part=head,student=kisaki]'
[066月2026 23:31:49.881] [resourceLoad/WARN] [net.minecraft.client.resources.model.ModelManager/]: Missing model for variant: 'Block{blue_student:only_bed}[facing=west,half=lower,part=head,student=marie]'
[066月2026 23:31:49.881] [resourceLoad/WARN] [net.minecraft.client.resources.model.ModelManager/]: Missing model for variant: 'Block{blue_student:only_bed}[facing=west,half=lower,part=head,student=hikari]'
[066月2026 23:31:49.881] [resourceLoad/WARN] [net.minecraft.client.resources.model.ModelManager/]: Missing model for variant: 'Block{blue_student:only_bed}[facing=west,half=lower,part=head,student=nozomi]'
[066月2026 23:31:49.881] [resourceLoad/WARN] [net.minecraft.client.resources.model.ModelManager/]: Missing model for variant: 'Block{blue_student:only_bed}[facing=west,half=lower,part=foot,student=shiroko]'
[066月2026 23:31:49.881] [resourceLoad/WARN] [net.minecraft.client.resources.model.ModelManager/]: Missing model for variant: 'Block{blue_student:only_bed}[facing=west,half=lower,part=foot,student=hoshino]'
[066月2026 23:31:49.881] [resourceLoad/WARN] [net.minecraft.client.resources.model.ModelManager/]: Missing model for variant: 'Block{blue_student:only_bed}[facing=west,half=lower,part=foot,student=hina]'
[066月2026 23:31:49.881] [resourceLoad/WARN] [net.minecraft.client.resources.model.ModelManager/]: Missing model for variant: 'Block{blue_student:only_bed}[facing=west,half=lower,part=foot,student=alice]'
[066月2026 23:31:49.881] [resourceLoad/WARN] [net.minecraft.client.resources.model.ModelManager/]: Missing model for variant: 'Block{blue_student:only_bed}[facing=west,half=lower,part=foot,student=kisaki]'
[066月2026 23:31:49.881] [resourceLoad/WARN] [net.minecraft.client.resources.model.ModelManager/]: Missing model for variant: 'Block{blue_student:only_bed}[facing=west,half=lower,part=foot,student=marie]'
[066月2026 23:31:49.881] [resourceLoad/WARN] [net.minecraft.client.resources.model.ModelManager/]: Missing model for variant: 'Block{blue_student:only_bed}[facing=west,half=lower,part=foot,student=hikari]'
[066月2026 23:31:49.881] [resourceLoad/WARN] [net.minecraft.client.resources.model.ModelManager/]: Missing model for variant: 'Block{blue_student:only_bed}[facing=west,half=lower,part=foot,student=nozomi]'
[066月2026 23:31:49.881] [resourceLoad/WARN] [net.minecraft.client.resources.model.ModelManager/]: Missing model for variant: 'Block{blue_student:only_bed}[facing=east,half=upper,part=head,student=shiroko]'
[066月2026 23:31:49.881] [resourceLoad/WARN] [net.minecraft.client.resources.model.ModelManager/]: Missing model for variant: 'Block{blue_student:only_bed}[facing=east,half=upper,part=head,student=hoshino]'
[066月2026 23:31:49.881] [resourceLoad/WARN] [net.minecraft.client.resources.model.ModelManager/]: Missing model for variant: 'Block{blue_student:only_bed}[facing=east,half=upper,part=head,student=hina]'
[066月2026 23:31:49.881] [resourceLoad/WARN] [net.minecraft.client.resources.model.ModelManager/]: Missing model for variant: 'Block{blue_student:only_bed}[facing=east,half=upper,part=head,student=alice]'
[066月2026 23:31:49.881] [resourceLoad/WARN] [net.minecraft.client.resources.model.ModelManager/]: Missing model for variant: 'Block{blue_student:only_bed}[facing=east,half=upper,part=head,student=kisaki]'
[066月2026 23:31:49.881] [resourceLoad/WARN] [net.minecraft.client.resources.model.ModelManager/]: Missing model for variant: 'Block{blue_student:only_bed}[facing=east,half=upper,part=head,student=marie]'
[066月2026 23:31:49.881] [resourceLoad/WARN] [net.minecraft.client.resources.model.ModelManager/]: Missing model for variant: 'Block{blue_student:only_bed}[facing=east,half=upper,part=head,student=hikari]'
[066月2026 23:31:49.881] [resourceLoad/WARN] [net.minecraft.client.resources.model.ModelManager/]: Missing model for variant: 'Block{blue_student:only_bed}[facing=east,half=upper,part=head,student=nozomi]'
[066月2026 23:31:49.881] [resourceLoad/WARN] [net.minecraft.client.resources.model.ModelManager/]: Missing model for variant: 'Block{blue_student:only_bed}[facing=east,half=upper,part=foot,student=shiroko]'
[066月2026 23:31:49.881] [resourceLoad/WARN] [net.minecraft.client.resources.model.ModelManager/]: Missing model for variant: 'Block{blue_student:only_bed}[facing=east,half=upper,part=foot,student=hoshino]'
[066月2026 23:31:49.881] [resourceLoad/WARN] [net.minecraft.client.resources.model.ModelManager/]: Missing model for variant: 'Block{blue_student:only_bed}[facing=east,half=upper,part=foot,student=hina]'
[066月2026 23:31:49.881] [resourceLoad/WARN] [net.minecraft.client.resources.model.ModelManager/]: Missing model for variant: 'Block{blue_student:only_bed}[facing=east,half=upper,part=foot,student=alice]'
[066月2026 23:31:49.881] [resourceLoad/WARN] [net.minecraft.client.resources.model.ModelManager/]: Missing model for variant: 'Block{blue_student:only_bed}[facing=east,half=upper,part=foot,student=kisaki]'
[066月2026 23:31:49.881] [resourceLoad/WARN] [net.minecraft.client.resources.model.ModelManager/]: Missing model for variant: 'Block{blue_student:only_bed}[facing=east,half=upper,part=foot,student=marie]'
[066月2026 23:31:49.881] [resourceLoad/WARN] [net.minecraft.client.resources.model.ModelManager/]: Missing model for variant: 'Block{blue_student:only_bed}[facing=east,half=upper,part=foot,student=hikari]'
[066月2026 23:31:49.881] [resourceLoad/WARN] [net.minecraft.client.resources.model.ModelManager/]: Missing model for variant: 'Block{blue_student:only_bed}[facing=east,half=upper,part=foot,student=nozomi]'
[066月2026 23:31:49.881] [resourceLoad/WARN] [net.minecraft.client.resources.model.ModelManager/]: Missing model for variant: 'Block{blue_student:only_bed}[facing=east,half=lower,part=head,student=shiroko]'
[066月2026 23:31:49.882] [resourceLoad/WARN] [net.minecraft.client.resources.model.ModelManager/]: Missing model for variant: 'Block{blue_student:only_bed}[facing=east,half=lower,part=head,student=hoshino]'
[066月2026 23:31:49.882] [resourceLoad/WARN] [net.minecraft.client.resources.model.ModelManager/]: Missing model for variant: 'Block{blue_student:only_bed}[facing=east,half=lower,part=head,student=hina]'
[066月2026 23:31:49.882] [resourceLoad/WARN] [net.minecraft.client.resources.model.ModelManager/]: Missing model for variant: 'Block{blue_student:only_bed}[facing=east,half=lower,part=head,student=alice]'
[066月2026 23:31:49.882] [resourceLoad/WARN] [net.minecraft.client.resources.model.ModelManager/]: Missing model for variant: 'Block{blue_student:only_bed}[facing=east,half=lower,part=head,student=kisaki]'
[066月2026 23:31:49.882] [resourceLoad/WARN] [net.minecraft.client.resources.model.ModelManager/]: Missing model for variant: 'Block{blue_student:only_bed}[facing=east,half=lower,part=head,student=marie]'
[066月2026 23:31:49.882] [resourceLoad/WARN] [net.minecraft.client.resources.model.ModelManager/]: Missing model for variant: 'Block{blue_student:only_bed}[facing=east,half=lower,part=head,student=hikari]'
[066月2026 23:31:49.882] [resourceLoad/WARN] [net.minecraft.client.resources.model.ModelManager/]: Missing model for variant: 'Block{blue_student:only_bed}[facing=east,half=lower,part=head,student=nozomi]'
[066月2026 23:31:49.882] [resourceLoad/WARN] [net.minecraft.client.resources.model.ModelManager/]: Missing model for variant: 'Block{blue_student:only_bed}[facing=east,half=lower,part=foot,student=shiroko]'
[066月2026 23:31:49.882] [resourceLoad/WARN] [net.minecraft.client.resources.model.ModelManager/]: Missing model for variant: 'Block{blue_student:only_bed}[facing=east,half=lower,part=foot,student=hoshino]'
[066月2026 23:31:49.882] [resourceLoad/WARN] [net.minecraft.client.resources.model.ModelManager/]: Missing model for variant: 'Block{blue_student:only_bed}[facing=east,half=lower,part=foot,student=hina]'
[066月2026 23:31:49.882] [resourceLoad/WARN] [net.minecraft.client.resources.model.ModelManager/]: Missing model for variant: 'Block{blue_student:only_bed}[facing=east,half=lower,part=foot,student=alice]'
[066月2026 23:31:49.882] [resourceLoad/WARN] [net.minecraft.client.resources.model.ModelManager/]: Missing model for variant: 'Block{blue_student:only_bed}[facing=east,half=lower,part=foot,student=kisaki]'
[066月2026 23:31:49.882] [resourceLoad/WARN] [net.minecraft.client.resources.model.ModelManager/]: Missing model for variant: 'Block{blue_student:only_bed}[facing=east,half=lower,part=foot,student=marie]'
[066月2026 23:31:49.882] [resourceLoad/WARN] [net.minecraft.client.resources.model.ModelManager/]: Missing model for variant: 'Block{blue_student:only_bed}[facing=east,half=lower,part=foot,student=hikari]'
[066月2026 23:31:49.882] [resourceLoad/WARN] [net.minecraft.client.resources.model.ModelManager/]: Missing model for variant: 'Block{blue_student:only_bed}[facing=east,half=lower,part=foot,student=nozomi]'
[066月2026 23:31:49.920] [Render thread/WARN] [com.mojang.blaze3d.opengl.GlProgram/]: neoforge:pipeline/item_cutout_unlit shader program does not use sampler Sampler2 defined in the pipeline. This might be a bug.
[066月2026 23:31:49.930] [Render thread/WARN] [com.mojang.blaze3d.opengl.GlProgram/]: neoforge:pipeline/item_translucent_unlit shader program does not use sampler Sampler2 defined in the pipeline. This might be a bug.
[066月2026 23:31:49.960] [Render thread/INFO] [com.mojang.blaze3d.audio.Library/]: OpenAL initialized on device OpenAL Soft on スピーカー (USB PnP Audio Device)
[066月2026 23:31:49.962] [Render thread/INFO] [net.minecraft.client.sounds.SoundEngine/SOUNDS]: Sound engine started
[066月2026 23:31:49.963] [Render thread/INFO] [net.minecraft.client.renderer.texture.TextureAtlas/]: Created: 512x256x0 minecraft:textures/atlas/particles.png-atlas
[066月2026 23:31:49.972] [Render thread/INFO] [net.minecraft.client.renderer.texture.TextureAtlas/]: Created: 128x128x0 minecraft:textures/atlas/decorated_pot.png-atlas
[066月2026 23:31:49.980] [Render thread/INFO] [net.minecraft.client.renderer.texture.TextureAtlas/]: Created: 2048x1024x0 minecraft:textures/atlas/armor_trims.png-atlas
[066月2026 23:31:49.990] [Render thread/INFO] [net.minecraft.client.renderer.texture.TextureAtlas/]: Created: 512x256x0 minecraft:textures/atlas/paintings.png-atlas
[066月2026 23:31:50.014] [Render thread/INFO] [net.minecraft.client.renderer.texture.TextureAtlas/]: Created: 1024x512x0 minecraft:textures/atlas/shield_patterns.png-atlas
[066月2026 23:31:50.016] [Render thread/INFO] [net.minecraft.client.renderer.texture.TextureAtlas/]: Created: 2048x2048x4 minecraft:textures/atlas/blocks.png-atlas
[066月2026 23:31:50.057] [Render thread/INFO] [net.minecraft.client.renderer.texture.TextureAtlas/]: Created: 512x512x0 minecraft:textures/atlas/chest.png-atlas
[066月2026 23:31:50.077] [Render thread/INFO] [net.minecraft.client.renderer.texture.TextureAtlas/]: Created: 256x128x0 minecraft:textures/atlas/celestials.png-atlas
[066月2026 23:31:50.078] [Render thread/INFO] [net.minecraft.client.renderer.texture.TextureAtlas/]: Created: 1024x512x0 minecraft:textures/atlas/banner_patterns.png-atlas
[066月2026 23:31:50.079] [Render thread/INFO] [net.minecraft.client.renderer.texture.TextureAtlas/]: Created: 512x512x0 minecraft:textures/atlas/beds.png-atlas
[066月2026 23:31:50.082] [Render thread/INFO] [net.minecraft.client.renderer.texture.TextureAtlas/]: Created: 1024x512x0 minecraft:textures/atlas/items.png-atlas
[066月2026 23:31:50.088] [Render thread/INFO] [net.minecraft.client.renderer.texture.TextureAtlas/]: Created: 1024x1024x0 minecraft:textures/atlas/gui.png-atlas
[066月2026 23:31:50.110] [Render thread/INFO] [net.minecraft.client.renderer.texture.TextureAtlas/]: Created: 128x64x0 minecraft:textures/atlas/map_decorations.png-atlas
[066月2026 23:31:50.124] [Render thread/INFO] [net.minecraft.client.renderer.texture.TextureAtlas/]: Created: 512x256x0 minecraft:textures/atlas/signs.png-atlas
[066月2026 23:31:50.124] [Render thread/INFO] [net.minecraft.client.renderer.texture.TextureAtlas/]: Created: 512x512x0 minecraft:textures/atlas/shulker_boxes.png-atlas
[066月2026 23:31:50.178] [Render thread/INFO] [net.neoforged.neoforge.client.entity.animation.json.AnimationLoader/]: Loaded 0 entity animations
[066月2026 23:31:50.217] [Render thread/INFO] [GeckoLib/]: Loaded 19 models and 19 animations from resources
[066月2026 23:32:05.427] [Render thread/INFO] [net.minecraft.server.packs.resources.ReloadableResourceManager/]: Reloading ResourceManager: vanilla, mod_resources, mod/geckolib, mod/blue_student, mod/neoforge
[066月2026 23:32:05.432] [resourceLoad/INFO] [net.minecraft.client.gui.font.providers.UnihexProvider/]: Found unifont_pua-17.0.01.hex, loading
[066月2026 23:32:05.433] [resourceLoad/INFO] [net.minecraft.client.gui.font.providers.UnihexProvider/]: Found unifont_all_no_pua-17.0.01.hex, loading
[066月2026 23:32:05.450] [resourceLoad/INFO] [net.minecraft.client.gui.font.providers.UnihexProvider/]: Found unifont_jp_patch-17.0.01.hex, loading
[066月2026 23:32:05.485] [resourceLoad/ERROR] [GeckoLib/]: Duplicate locator name found in bone 'root': 'towing'
[066月2026 23:32:05.601] [resourceLoad/WARN] [net.minecraft.client.resources.model.ModelDiscovery/]: Missing block model: blue_student:block/tablet
[066月2026 23:32:05.603] [resourceLoad/WARN] [net.minecraft.client.resources.model.ModelDiscovery/]: Missing block model: blue_student:block/craft_chamber
[066月2026 23:32:05.680] [resourceLoad/WARN] [net.minecraft.client.resources.model.ModelManager/]: Missing model for variant: 'Block{blue_student:only_bed}[facing=north,half=upper,part=head,student=shiroko]'
[066月2026 23:32:05.680] [resourceLoad/WARN] [net.minecraft.client.resources.model.ModelManager/]: Missing model for variant: 'Block{blue_student:only_bed}[facing=north,half=upper,part=head,student=hoshino]'
[066月2026 23:32:05.680] [resourceLoad/WARN] [net.minecraft.client.resources.model.ModelManager/]: Missing model for variant: 'Block{blue_student:only_bed}[facing=north,half=upper,part=head,student=hina]'
[066月2026 23:32:05.680] [resourceLoad/WARN] [net.minecraft.client.resources.model.ModelManager/]: Missing model for variant: 'Block{blue_student:only_bed}[facing=north,half=upper,part=head,student=alice]'
[066月2026 23:32:05.680] [resourceLoad/WARN] [net.minecraft.client.resources.model.ModelManager/]: Missing model for variant: 'Block{blue_student:only_bed}[facing=north,half=upper,part=head,student=kisaki]'
[066月2026 23:32:05.680] [resourceLoad/WARN] [net.minecraft.client.resources.model.ModelManager/]: Missing model for variant: 'Block{blue_student:only_bed}[facing=north,half=upper,part=head,student=marie]'
[066月2026 23:32:05.680] [resourceLoad/WARN] [net.minecraft.client.resources.model.ModelManager/]: Missing model for variant: 'Block{blue_student:only_bed}[facing=north,half=upper,part=head,student=hikari]'
[066月2026 23:32:05.680] [resourceLoad/WARN] [net.minecraft.client.resources.model.ModelManager/]: Missing model for variant: 'Block{blue_student:only_bed}[facing=north,half=upper,part=head,student=nozomi]'
[066月2026 23:32:05.680] [resourceLoad/WARN] [net.minecraft.client.resources.model.ModelManager/]: Missing model for variant: 'Block{blue_student:only_bed}[facing=north,half=upper,part=foot,student=shiroko]'
[066月2026 23:32:05.680] [resourceLoad/WARN] [net.minecraft.client.resources.model.ModelManager/]: Missing model for variant: 'Block{blue_student:only_bed}[facing=north,half=upper,part=foot,student=hoshino]'
[066月2026 23:32:05.680] [resourceLoad/WARN] [net.minecraft.client.resources.model.ModelManager/]: Missing model for variant: 'Block{blue_student:only_bed}[facing=north,half=upper,part=foot,student=hina]'
[066月2026 23:32:05.680] [resourceLoad/WARN] [net.minecraft.client.resources.model.ModelManager/]: Missing model for variant: 'Block{blue_student:only_bed}[facing=north,half=upper,part=foot,student=alice]'
[066月2026 23:32:05.680] [resourceLoad/WARN] [net.minecraft.client.resources.model.ModelManager/]: Missing model for variant: 'Block{blue_student:only_bed}[facing=north,half=upper,part=foot,student=kisaki]'
[066月2026 23:32:05.680] [resourceLoad/WARN] [net.minecraft.client.resources.model.ModelManager/]: Missing model for variant: 'Block{blue_student:only_bed}[facing=north,half=upper,part=foot,student=marie]'
[066月2026 23:32:05.680] [resourceLoad/WARN] [net.minecraft.client.resources.model.ModelManager/]: Missing model for variant: 'Block{blue_student:only_bed}[facing=north,half=upper,part=foot,student=hikari]'
[066月2026 23:32:05.680] [resourceLoad/WARN] [net.minecraft.client.resources.model.ModelManager/]: Missing model for variant: 'Block{blue_student:only_bed}[facing=north,half=upper,part=foot,student=nozomi]'
[066月2026 23:32:05.680] [resourceLoad/WARN] [net.minecraft.client.resources.model.ModelManager/]: Missing model for variant: 'Block{blue_student:only_bed}[facing=north,half=lower,part=head,student=shiroko]'
[066月2026 23:32:05.680] [resourceLoad/WARN] [net.minecraft.client.resources.model.ModelManager/]: Missing model for variant: 'Block{blue_student:only_bed}[facing=north,half=lower,part=head,student=hoshino]'
[066月2026 23:32:05.680] [resourceLoad/WARN] [net.minecraft.client.resources.model.ModelManager/]: Missing model for variant: 'Block{blue_student:only_bed}[facing=north,half=lower,part=head,student=hina]'
[066月2026 23:32:05.680] [resourceLoad/WARN] [net.minecraft.client.resources.model.ModelManager/]: Missing model for variant: 'Block{blue_student:only_bed}[facing=north,half=lower,part=head,student=alice]'
[066月2026 23:32:05.680] [resourceLoad/WARN] [net.minecraft.client.resources.model.ModelManager/]: Missing model for variant: 'Block{blue_student:only_bed}[facing=north,half=lower,part=head,student=kisaki]'
[066月2026 23:32:05.681] [resourceLoad/WARN] [net.minecraft.client.resources.model.ModelManager/]: Missing model for variant: 'Block{blue_student:only_bed}[facing=north,half=lower,part=head,student=marie]'
[066月2026 23:32:05.681] [resourceLoad/WARN] [net.minecraft.client.resources.model.ModelManager/]: Missing model for variant: 'Block{blue_student:only_bed}[facing=north,half=lower,part=head,student=hikari]'
[066月2026 23:32:05.681] [resourceLoad/WARN] [net.minecraft.client.resources.model.ModelManager/]: Missing model for variant: 'Block{blue_student:only_bed}[facing=north,half=lower,part=head,student=nozomi]'
[066月2026 23:32:05.681] [resourceLoad/WARN] [net.minecraft.client.resources.model.ModelManager/]: Missing model for variant: 'Block{blue_student:only_bed}[facing=north,half=lower,part=foot,student=shiroko]'
[066月2026 23:32:05.681] [resourceLoad/WARN] [net.minecraft.client.resources.model.ModelManager/]: Missing model for variant: 'Block{blue_student:only_bed}[facing=north,half=lower,part=foot,student=hoshino]'
[066月2026 23:32:05.681] [resourceLoad/WARN] [net.minecraft.client.resources.model.ModelManager/]: Missing model for variant: 'Block{blue_student:only_bed}[facing=north,half=lower,part=foot,student=hina]'
[066月2026 23:32:05.681] [resourceLoad/WARN] [net.minecraft.client.resources.model.ModelManager/]: Missing model for variant: 'Block{blue_student:only_bed}[facing=north,half=lower,part=foot,student=alice]'
[066月2026 23:32:05.681] [resourceLoad/WARN] [net.minecraft.client.resources.model.ModelManager/]: Missing model for variant: 'Block{blue_student:only_bed}[facing=north,half=lower,part=foot,student=kisaki]'
[066月2026 23:32:05.681] [resourceLoad/WARN] [net.minecraft.client.resources.model.ModelManager/]: Missing model for variant: 'Block{blue_student:only_bed}[facing=north,half=lower,part=foot,student=marie]'
[066月2026 23:32:05.681] [resourceLoad/WARN] [net.minecraft.client.resources.model.ModelManager/]: Missing model for variant: 'Block{blue_student:only_bed}[facing=north,half=lower,part=foot,student=hikari]'
[066月2026 23:32:05.681] [resourceLoad/WARN] [net.minecraft.client.resources.model.ModelManager/]: Missing model for variant: 'Block{blue_student:only_bed}[facing=north,half=lower,part=foot,student=nozomi]'
[066月2026 23:32:05.681] [resourceLoad/WARN] [net.minecraft.client.resources.model.ModelManager/]: Missing model for variant: 'Block{blue_student:only_bed}[facing=south,half=upper,part=head,student=shiroko]'
[066月2026 23:32:05.681] [resourceLoad/WARN] [net.minecraft.client.resources.model.ModelManager/]: Missing model for variant: 'Block{blue_student:only_bed}[facing=south,half=upper,part=head,student=hoshino]'
[066月2026 23:32:05.681] [resourceLoad/WARN] [net.minecraft.client.resources.model.ModelManager/]: Missing model for variant: 'Block{blue_student:only_bed}[facing=south,half=upper,part=head,student=hina]'
[066月2026 23:32:05.681] [resourceLoad/WARN] [net.minecraft.client.resources.model.ModelManager/]: Missing model for variant: 'Block{blue_student:only_bed}[facing=south,half=upper,part=head,student=alice]'
[066月2026 23:32:05.681] [resourceLoad/WARN] [net.minecraft.client.resources.model.ModelManager/]: Missing model for variant: 'Block{blue_student:only_bed}[facing=south,half=upper,part=head,student=kisaki]'
[066月2026 23:32:05.681] [resourceLoad/WARN] [net.minecraft.client.resources.model.ModelManager/]: Missing model for variant: 'Block{blue_student:only_bed}[facing=south,half=upper,part=head,student=marie]'
[066月2026 23:32:05.681] [resourceLoad/WARN] [net.minecraft.client.resources.model.ModelManager/]: Missing model for variant: 'Block{blue_student:only_bed}[facing=south,half=upper,part=head,student=hikari]'
[066月2026 23:32:05.681] [resourceLoad/WARN] [net.minecraft.client.resources.model.ModelManager/]: Missing model for variant: 'Block{blue_student:only_bed}[facing=south,half=upper,part=head,student=nozomi]'
[066月2026 23:32:05.681] [resourceLoad/WARN] [net.minecraft.client.resources.model.ModelManager/]: Missing model for variant: 'Block{blue_student:only_bed}[facing=south,half=upper,part=foot,student=shiroko]'
[066月2026 23:32:05.681] [resourceLoad/WARN] [net.minecraft.client.resources.model.ModelManager/]: Missing model for variant: 'Block{blue_student:only_bed}[facing=south,half=upper,part=foot,student=hoshino]'
[066月2026 23:32:05.681] [resourceLoad/WARN] [net.minecraft.client.resources.model.ModelManager/]: Missing model for variant: 'Block{blue_student:only_bed}[facing=south,half=upper,part=foot,student=hina]'
[066月2026 23:32:05.681] [resourceLoad/WARN] [net.minecraft.client.resources.model.ModelManager/]: Missing model for variant: 'Block{blue_student:only_bed}[facing=south,half=upper,part=foot,student=alice]'
[066月2026 23:32:05.681] [resourceLoad/WARN] [net.minecraft.client.resources.model.ModelManager/]: Missing model for variant: 'Block{blue_student:only_bed}[facing=south,half=upper,part=foot,student=kisaki]'
[066月2026 23:32:05.681] [resourceLoad/WARN] [net.minecraft.client.resources.model.ModelManager/]: Missing model for variant: 'Block{blue_student:only_bed}[facing=south,half=upper,part=foot,student=marie]'
[066月2026 23:32:05.681] [resourceLoad/WARN] [net.minecraft.client.resources.model.ModelManager/]: Missing model for variant: 'Block{blue_student:only_bed}[facing=south,half=upper,part=foot,student=hikari]'
[066月2026 23:32:05.681] [resourceLoad/WARN] [net.minecraft.client.resources.model.ModelManager/]: Missing model for variant: 'Block{blue_student:only_bed}[facing=south,half=upper,part=foot,student=nozomi]'
[066月2026 23:32:05.681] [resourceLoad/WARN] [net.minecraft.client.resources.model.ModelManager/]: Missing model for variant: 'Block{blue_student:only_bed}[facing=south,half=lower,part=head,student=shiroko]'
[066月2026 23:32:05.681] [resourceLoad/WARN] [net.minecraft.client.resources.model.ModelManager/]: Missing model for variant: 'Block{blue_student:only_bed}[facing=south,half=lower,part=head,student=hoshino]'
[066月2026 23:32:05.681] [resourceLoad/WARN] [net.minecraft.client.resources.model.ModelManager/]: Missing model for variant: 'Block{blue_student:only_bed}[facing=south,half=lower,part=head,student=hina]'
[066月2026 23:32:05.681] [resourceLoad/WARN] [net.minecraft.client.resources.model.ModelManager/]: Missing model for variant: 'Block{blue_student:only_bed}[facing=south,half=lower,part=head,student=alice]'
[066月2026 23:32:05.681] [resourceLoad/WARN] [net.minecraft.client.resources.model.ModelManager/]: Missing model for variant: 'Block{blue_student:only_bed}[facing=south,half=lower,part=head,student=kisaki]'
[066月2026 23:32:05.682] [resourceLoad/WARN] [net.minecraft.client.resources.model.ModelManager/]: Missing model for variant: 'Block{blue_student:only_bed}[facing=south,half=lower,part=head,student=marie]'
[066月2026 23:32:05.682] [resourceLoad/WARN] [net.minecraft.client.resources.model.ModelManager/]: Missing model for variant: 'Block{blue_student:only_bed}[facing=south,half=lower,part=head,student=hikari]'
[066月2026 23:32:05.682] [resourceLoad/WARN] [net.minecraft.client.resources.model.ModelManager/]: Missing model for variant: 'Block{blue_student:only_bed}[facing=south,half=lower,part=head,student=nozomi]'
[066月2026 23:32:05.682] [resourceLoad/WARN] [net.minecraft.client.resources.model.ModelManager/]: Missing model for variant: 'Block{blue_student:only_bed}[facing=south,half=lower,part=foot,student=shiroko]'
[066月2026 23:32:05.682] [resourceLoad/WARN] [net.minecraft.client.resources.model.ModelManager/]: Missing model for variant: 'Block{blue_student:only_bed}[facing=south,half=lower,part=foot,student=hoshino]'
[066月2026 23:32:05.682] [resourceLoad/WARN] [net.minecraft.client.resources.model.ModelManager/]: Missing model for variant: 'Block{blue_student:only_bed}[facing=south,half=lower,part=foot,student=hina]'
[066月2026 23:32:05.682] [resourceLoad/WARN] [net.minecraft.client.resources.model.ModelManager/]: Missing model for variant: 'Block{blue_student:only_bed}[facing=south,half=lower,part=foot,student=alice]'
[066月2026 23:32:05.682] [resourceLoad/WARN] [net.minecraft.client.resources.model.ModelManager/]: Missing model for variant: 'Block{blue_student:only_bed}[facing=south,half=lower,part=foot,student=kisaki]'
[066月2026 23:32:05.682] [resourceLoad/WARN] [net.minecraft.client.resources.model.ModelManager/]: Missing model for variant: 'Block{blue_student:only_bed}[facing=south,half=lower,part=foot,student=marie]'
[066月2026 23:32:05.682] [resourceLoad/WARN] [net.minecraft.client.resources.model.ModelManager/]: Missing model for variant: 'Block{blue_student:only_bed}[facing=south,half=lower,part=foot,student=hikari]'
[066月2026 23:32:05.682] [resourceLoad/WARN] [net.minecraft.client.resources.model.ModelManager/]: Missing model for variant: 'Block{blue_student:only_bed}[facing=south,half=lower,part=foot,student=nozomi]'
[066月2026 23:32:05.682] [resourceLoad/WARN] [net.minecraft.client.resources.model.ModelManager/]: Missing model for variant: 'Block{blue_student:only_bed}[facing=west,half=upper,part=head,student=shiroko]'
[066月2026 23:32:05.682] [resourceLoad/WARN] [net.minecraft.client.resources.model.ModelManager/]: Missing model for variant: 'Block{blue_student:only_bed}[facing=west,half=upper,part=head,student=hoshino]'
[066月2026 23:32:05.682] [resourceLoad/WARN] [net.minecraft.client.resources.model.ModelManager/]: Missing model for variant: 'Block{blue_student:only_bed}[facing=west,half=upper,part=head,student=hina]'
[066月2026 23:32:05.682] [resourceLoad/WARN] [net.minecraft.client.resources.model.ModelManager/]: Missing model for variant: 'Block{blue_student:only_bed}[facing=west,half=upper,part=head,student=alice]'
[066月2026 23:32:05.682] [resourceLoad/WARN] [net.minecraft.client.resources.model.ModelManager/]: Missing model for variant: 'Block{blue_student:only_bed}[facing=west,half=upper,part=head,student=kisaki]'
[066月2026 23:32:05.682] [resourceLoad/WARN] [net.minecraft.client.resources.model.ModelManager/]: Missing model for variant: 'Block{blue_student:only_bed}[facing=west,half=upper,part=head,student=marie]'
[066月2026 23:32:05.682] [resourceLoad/WARN] [net.minecraft.client.resources.model.ModelManager/]: Missing model for variant: 'Block{blue_student:only_bed}[facing=west,half=upper,part=head,student=hikari]'
[066月2026 23:32:05.682] [resourceLoad/WARN] [net.minecraft.client.resources.model.ModelManager/]: Missing model for variant: 'Block{blue_student:only_bed}[facing=west,half=upper,part=head,student=nozomi]'
[066月2026 23:32:05.682] [resourceLoad/WARN] [net.minecraft.client.resources.model.ModelManager/]: Missing model for variant: 'Block{blue_student:only_bed}[facing=west,half=upper,part=foot,student=shiroko]'
[066月2026 23:32:05.682] [resourceLoad/WARN] [net.minecraft.client.resources.model.ModelManager/]: Missing model for variant: 'Block{blue_student:only_bed}[facing=west,half=upper,part=foot,student=hoshino]'
[066月2026 23:32:05.682] [resourceLoad/WARN] [net.minecraft.client.resources.model.ModelManager/]: Missing model for variant: 'Block{blue_student:only_bed}[facing=west,half=upper,part=foot,student=hina]'
[066月2026 23:32:05.682] [resourceLoad/WARN] [net.minecraft.client.resources.model.ModelManager/]: Missing model for variant: 'Block{blue_student:only_bed}[facing=west,half=upper,part=foot,student=alice]'
[066月2026 23:32:05.682] [resourceLoad/WARN] [net.minecraft.client.resources.model.ModelManager/]: Missing model for variant: 'Block{blue_student:only_bed}[facing=west,half=upper,part=foot,student=kisaki]'
[066月2026 23:32:05.682] [resourceLoad/WARN] [net.minecraft.client.resources.model.ModelManager/]: Missing model for variant: 'Block{blue_student:only_bed}[facing=west,half=upper,part=foot,student=marie]'
[066月2026 23:32:05.682] [resourceLoad/WARN] [net.minecraft.client.resources.model.ModelManager/]: Missing model for variant: 'Block{blue_student:only_bed}[facing=west,half=upper,part=foot,student=hikari]'
[066月2026 23:32:05.682] [resourceLoad/WARN] [net.minecraft.client.resources.model.ModelManager/]: Missing model for variant: 'Block{blue_student:only_bed}[facing=west,half=upper,part=foot,student=nozomi]'
[066月2026 23:32:05.682] [resourceLoad/WARN] [net.minecraft.client.resources.model.ModelManager/]: Missing model for variant: 'Block{blue_student:only_bed}[facing=west,half=lower,part=head,student=shiroko]'
[066月2026 23:32:05.682] [resourceLoad/WARN] [net.minecraft.client.resources.model.ModelManager/]: Missing model for variant: 'Block{blue_student:only_bed}[facing=west,half=lower,part=head,student=hoshino]'
[066月2026 23:32:05.682] [resourceLoad/WARN] [net.minecraft.client.resources.model.ModelManager/]: Missing model for variant: 'Block{blue_student:only_bed}[facing=west,half=lower,part=head,student=hina]'
[066月2026 23:32:05.682] [resourceLoad/WARN] [net.minecraft.client.resources.model.ModelManager/]: Missing model for variant: 'Block{blue_student:only_bed}[facing=west,half=lower,part=head,student=alice]'
[066月2026 23:32:05.682] [resourceLoad/WARN] [net.minecraft.client.resources.model.ModelManager/]: Missing model for variant: 'Block{blue_student:only_bed}[facing=west,half=lower,part=head,student=kisaki]'
[066月2026 23:32:05.682] [resourceLoad/WARN] [net.minecraft.client.resources.model.ModelManager/]: Missing model for variant: 'Block{blue_student:only_bed}[facing=west,half=lower,part=head,student=marie]'
[066月2026 23:32:05.682] [resourceLoad/WARN] [net.minecraft.client.resources.model.ModelManager/]: Missing model for variant: 'Block{blue_student:only_bed}[facing=west,half=lower,part=head,student=hikari]'
[066月2026 23:32:05.682] [resourceLoad/WARN] [net.minecraft.client.resources.model.ModelManager/]: Missing model for variant: 'Block{blue_student:only_bed}[facing=west,half=lower,part=head,student=nozomi]'
[066月2026 23:32:05.683] [resourceLoad/WARN] [net.minecraft.client.resources.model.ModelManager/]: Missing model for variant: 'Block{blue_student:only_bed}[facing=west,half=lower,part=foot,student=shiroko]'
[066月2026 23:32:05.683] [resourceLoad/WARN] [net.minecraft.client.resources.model.ModelManager/]: Missing model for variant: 'Block{blue_student:only_bed}[facing=west,half=lower,part=foot,student=hoshino]'
[066月2026 23:32:05.683] [resourceLoad/WARN] [net.minecraft.client.resources.model.ModelManager/]: Missing model for variant: 'Block{blue_student:only_bed}[facing=west,half=lower,part=foot,student=hina]'
[066月2026 23:32:05.683] [resourceLoad/WARN] [net.minecraft.client.resources.model.ModelManager/]: Missing model for variant: 'Block{blue_student:only_bed}[facing=west,half=lower,part=foot,student=alice]'
[066月2026 23:32:05.683] [resourceLoad/WARN] [net.minecraft.client.resources.model.ModelManager/]: Missing model for variant: 'Block{blue_student:only_bed}[facing=west,half=lower,part=foot,student=kisaki]'
[066月2026 23:32:05.683] [resourceLoad/WARN] [net.minecraft.client.resources.model.ModelManager/]: Missing model for variant: 'Block{blue_student:only_bed}[facing=west,half=lower,part=foot,student=marie]'
[066月2026 23:32:05.683] [resourceLoad/WARN] [net.minecraft.client.resources.model.ModelManager/]: Missing model for variant: 'Block{blue_student:only_bed}[facing=west,half=lower,part=foot,student=hikari]'
[066月2026 23:32:05.683] [resourceLoad/WARN] [net.minecraft.client.resources.model.ModelManager/]: Missing model for variant: 'Block{blue_student:only_bed}[facing=west,half=lower,part=foot,student=nozomi]'
[066月2026 23:32:05.683] [resourceLoad/WARN] [net.minecraft.client.resources.model.ModelManager/]: Missing model for variant: 'Block{blue_student:only_bed}[facing=east,half=upper,part=head,student=shiroko]'
[066月2026 23:32:05.683] [resourceLoad/WARN] [net.minecraft.client.resources.model.ModelManager/]: Missing model for variant: 'Block{blue_student:only_bed}[facing=east,half=upper,part=head,student=hoshino]'
[066月2026 23:32:05.683] [resourceLoad/WARN] [net.minecraft.client.resources.model.ModelManager/]: Missing model for variant: 'Block{blue_student:only_bed}[facing=east,half=upper,part=head,student=hina]'
[066月2026 23:32:05.683] [resourceLoad/WARN] [net.minecraft.client.resources.model.ModelManager/]: Missing model for variant: 'Block{blue_student:only_bed}[facing=east,half=upper,part=head,student=alice]'
[066月2026 23:32:05.683] [resourceLoad/WARN] [net.minecraft.client.resources.model.ModelManager/]: Missing model for variant: 'Block{blue_student:only_bed}[facing=east,half=upper,part=head,student=kisaki]'
[066月2026 23:32:05.683] [resourceLoad/WARN] [net.minecraft.client.resources.model.ModelManager/]: Missing model for variant: 'Block{blue_student:only_bed}[facing=east,half=upper,part=head,student=marie]'
[066月2026 23:32:05.683] [resourceLoad/WARN] [net.minecraft.client.resources.model.ModelManager/]: Missing model for variant: 'Block{blue_student:only_bed}[facing=east,half=upper,part=head,student=hikari]'
[066月2026 23:32:05.683] [resourceLoad/WARN] [net.minecraft.client.resources.model.ModelManager/]: Missing model for variant: 'Block{blue_student:only_bed}[facing=east,half=upper,part=head,student=nozomi]'
[066月2026 23:32:05.683] [resourceLoad/WARN] [net.minecraft.client.resources.model.ModelManager/]: Missing model for variant: 'Block{blue_student:only_bed}[facing=east,half=upper,part=foot,student=shiroko]'
[066月2026 23:32:05.683] [resourceLoad/WARN] [net.minecraft.client.resources.model.ModelManager/]: Missing model for variant: 'Block{blue_student:only_bed}[facing=east,half=upper,part=foot,student=hoshino]'
[066月2026 23:32:05.683] [resourceLoad/WARN] [net.minecraft.client.resources.model.ModelManager/]: Missing model for variant: 'Block{blue_student:only_bed}[facing=east,half=upper,part=foot,student=hina]'
[066月2026 23:32:05.684] [resourceLoad/WARN] [net.minecraft.client.resources.model.ModelManager/]: Missing model for variant: 'Block{blue_student:only_bed}[facing=east,half=upper,part=foot,student=alice]'
[066月2026 23:32:05.684] [resourceLoad/WARN] [net.minecraft.client.resources.model.ModelManager/]: Missing model for variant: 'Block{blue_student:only_bed}[facing=east,half=upper,part=foot,student=kisaki]'
[066月2026 23:32:05.684] [resourceLoad/WARN] [net.minecraft.client.resources.model.ModelManager/]: Missing model for variant: 'Block{blue_student:only_bed}[facing=east,half=upper,part=foot,student=marie]'
[066月2026 23:32:05.684] [resourceLoad/WARN] [net.minecraft.client.resources.model.ModelManager/]: Missing model for variant: 'Block{blue_student:only_bed}[facing=east,half=upper,part=foot,student=hikari]'
[066月2026 23:32:05.684] [resourceLoad/WARN] [net.minecraft.client.resources.model.ModelManager/]: Missing model for variant: 'Block{blue_student:only_bed}[facing=east,half=upper,part=foot,student=nozomi]'
[066月2026 23:32:05.684] [resourceLoad/WARN] [net.minecraft.client.resources.model.ModelManager/]: Missing model for variant: 'Block{blue_student:only_bed}[facing=east,half=lower,part=head,student=shiroko]'
[066月2026 23:32:05.684] [resourceLoad/WARN] [net.minecraft.client.resources.model.ModelManager/]: Missing model for variant: 'Block{blue_student:only_bed}[facing=east,half=lower,part=head,student=hoshino]'
[066月2026 23:32:05.684] [resourceLoad/WARN] [net.minecraft.client.resources.model.ModelManager/]: Missing model for variant: 'Block{blue_student:only_bed}[facing=east,half=lower,part=head,student=hina]'
[066月2026 23:32:05.684] [resourceLoad/WARN] [net.minecraft.client.resources.model.ModelManager/]: Missing model for variant: 'Block{blue_student:only_bed}[facing=east,half=lower,part=head,student=alice]'
[066月2026 23:32:05.684] [resourceLoad/WARN] [net.minecraft.client.resources.model.ModelManager/]: Missing model for variant: 'Block{blue_student:only_bed}[facing=east,half=lower,part=head,student=kisaki]'
[066月2026 23:32:05.684] [resourceLoad/WARN] [net.minecraft.client.resources.model.ModelManager/]: Missing model for variant: 'Block{blue_student:only_bed}[facing=east,half=lower,part=head,student=marie]'
[066月2026 23:32:05.684] [resourceLoad/WARN] [net.minecraft.client.resources.model.ModelManager/]: Missing model for variant: 'Block{blue_student:only_bed}[facing=east,half=lower,part=head,student=hikari]'
[066月2026 23:32:05.684] [resourceLoad/WARN] [net.minecraft.client.resources.model.ModelManager/]: Missing model for variant: 'Block{blue_student:only_bed}[facing=east,half=lower,part=head,student=nozomi]'
[066月2026 23:32:05.684] [resourceLoad/WARN] [net.minecraft.client.resources.model.ModelManager/]: Missing model for variant: 'Block{blue_student:only_bed}[facing=east,half=lower,part=foot,student=shiroko]'
[066月2026 23:32:05.684] [resourceLoad/WARN] [net.minecraft.client.resources.model.ModelManager/]: Missing model for variant: 'Block{blue_student:only_bed}[facing=east,half=lower,part=foot,student=hoshino]'
[066月2026 23:32:05.684] [resourceLoad/WARN] [net.minecraft.client.resources.model.ModelManager/]: Missing model for variant: 'Block{blue_student:only_bed}[facing=east,half=lower,part=foot,student=hina]'
[066月2026 23:32:05.684] [resourceLoad/WARN] [net.minecraft.client.resources.model.ModelManager/]: Missing model for variant: 'Block{blue_student:only_bed}[facing=east,half=lower,part=foot,student=alice]'
[066月2026 23:32:05.684] [resourceLoad/WARN] [net.minecraft.client.resources.model.ModelManager/]: Missing model for variant: 'Block{blue_student:only_bed}[facing=east,half=lower,part=foot,student=kisaki]'
[066月2026 23:32:05.684] [resourceLoad/WARN] [net.minecraft.client.resources.model.ModelManager/]: Missing model for variant: 'Block{blue_student:only_bed}[facing=east,half=lower,part=foot,student=marie]'
[066月2026 23:32:05.684] [resourceLoad/WARN] [net.minecraft.client.resources.model.ModelManager/]: Missing model for variant: 'Block{blue_student:only_bed}[facing=east,half=lower,part=foot,student=hikari]'
[066月2026 23:32:05.684] [resourceLoad/WARN] [net.minecraft.client.resources.model.ModelManager/]: Missing model for variant: 'Block{blue_student:only_bed}[facing=east,half=lower,part=foot,student=nozomi]'
[066月2026 23:32:05.737] [Render thread/WARN] [com.mojang.blaze3d.opengl.GlProgram/]: neoforge:pipeline/item_cutout_unlit shader program does not use sampler Sampler2 defined in the pipeline. This might be a bug.
[066月2026 23:32:05.750] [Render thread/WARN] [com.mojang.blaze3d.opengl.GlProgram/]: neoforge:pipeline/item_translucent_unlit shader program does not use sampler Sampler2 defined in the pipeline. This might be a bug.
[066月2026 23:32:05.774] [Render thread/INFO] [com.mojang.blaze3d.audio.Library/]: OpenAL initialized on device OpenAL Soft on スピーカー (USB PnP Audio Device)
[066月2026 23:32:05.774] [Render thread/INFO] [net.minecraft.client.sounds.SoundEngine/SOUNDS]: Sound engine started
[066月2026 23:32:05.774] [Render thread/INFO] [net.minecraft.client.renderer.texture.TextureAtlas/]: Created: 512x256x0 minecraft:textures/atlas/particles.png-atlas
[066月2026 23:32:05.779] [Render thread/INFO] [net.minecraft.client.renderer.texture.TextureAtlas/]: Created: 128x128x0 minecraft:textures/atlas/decorated_pot.png-atlas
[066月2026 23:32:05.779] [Render thread/INFO] [net.minecraft.client.renderer.texture.TextureAtlas/]: Created: 2048x1024x0 minecraft:textures/atlas/armor_trims.png-atlas
[066月2026 23:32:05.786] [Render thread/INFO] [net.minecraft.client.renderer.texture.TextureAtlas/]: Created: 512x256x0 minecraft:textures/atlas/paintings.png-atlas
[066月2026 23:32:05.803] [Render thread/INFO] [net.minecraft.client.renderer.texture.TextureAtlas/]: Created: 1024x512x0 minecraft:textures/atlas/shield_patterns.png-atlas
[066月2026 23:32:05.805] [Render thread/INFO] [net.minecraft.client.renderer.texture.TextureAtlas/]: Created: 2048x2048x4 minecraft:textures/atlas/blocks.png-atlas
[066月2026 23:32:05.835] [Render thread/INFO] [net.minecraft.client.renderer.texture.TextureAtlas/]: Created: 512x512x0 minecraft:textures/atlas/chest.png-atlas
[066月2026 23:32:05.851] [Render thread/INFO] [net.minecraft.client.renderer.texture.TextureAtlas/]: Created: 256x128x0 minecraft:textures/atlas/celestials.png-atlas
[066月2026 23:32:05.852] [Render thread/INFO] [net.minecraft.client.renderer.texture.TextureAtlas/]: Created: 1024x512x0 minecraft:textures/atlas/banner_patterns.png-atlas
[066月2026 23:32:05.852] [Render thread/INFO] [net.minecraft.client.renderer.texture.TextureAtlas/]: Created: 512x512x0 minecraft:textures/atlas/beds.png-atlas
[066月2026 23:32:05.856] [Render thread/INFO] [net.minecraft.client.renderer.texture.TextureAtlas/]: Created: 1024x512x0 minecraft:textures/atlas/items.png-atlas
[066月2026 23:32:05.862] [Render thread/INFO] [net.minecraft.client.renderer.texture.TextureAtlas/]: Created: 1024x1024x0 minecraft:textures/atlas/gui.png-atlas
[066月2026 23:32:05.877] [Render thread/INFO] [net.minecraft.client.renderer.texture.TextureAtlas/]: Created: 128x64x0 minecraft:textures/atlas/map_decorations.png-atlas
[066月2026 23:32:05.888] [Render thread/INFO] [net.minecraft.client.renderer.texture.TextureAtlas/]: Created: 512x256x0 minecraft:textures/atlas/signs.png-atlas
[066月2026 23:32:05.889] [Render thread/INFO] [net.minecraft.client.renderer.texture.TextureAtlas/]: Created: 512x512x0 minecraft:textures/atlas/shulker_boxes.png-atlas
[066月2026 23:32:05.929] [Render thread/INFO] [net.neoforged.neoforge.client.entity.animation.json.AnimationLoader/]: Loaded 0 entity animations
[066月2026 23:32:05.935] [Render thread/INFO] [GeckoLib/]: Loaded 19 models and 19 animations from resources
[066月2026 23:32:13.138] [Render thread/WARN] [net.minecraft.server.MinecraftServer/]: Missing data pack tests
[066月2026 23:32:13.506] [Worker-Main-14/WARN] [net.neoforged.neoforge.resource.JarContentsPackResources/]: Invalid path in datapack: blue_student:loot_modifiers/新しいフォルダー/add_ticket_to_chests.json, ignoring
[066月2026 23:32:13.507] [Worker-Main-14/ERROR] [net.minecraft.server.packs.resources.SimpleJsonResourceReloadListener/]: Couldn't parse data file 'neoforge:global_loot_modifiers' from 'neoforge:loot_modifiers/global_loot_modifiers.json': DataResult.Error['No key type in MapLike[{"replace":false,"entries":["blue_student:add_ticket_to_chests"]}]']
[066月2026 23:32:13.681] [Render thread/INFO] [net.minecraft.world.item.crafting.RecipeManager/]: Loaded 1515 recipes
[066月2026 23:32:13.687] [Render thread/INFO] [net.minecraft.advancements.AdvancementTree/]: Loaded 1617 advancements
[066月2026 23:32:13.687] [Render thread/INFO] [net.neoforged.neoforge.common.crafting.RecipePriorityManager/]: Loaded 0 recipe priority overrides
[066月2026 23:32:20.638] [Server thread/INFO] [net.minecraft.client.server.IntegratedServer/]: Starting integrated minecraft server version 26.1.2
[066月2026 23:32:20.638] [Server thread/INFO] [net.minecraft.server.MinecraftServer/]: Generating keypair
[066月2026 23:32:20.860] [Server thread/INFO] [net.minecraft.server.level.progress.LoggingLevelLoadListener/]: Selecting global world spawn...
[066月2026 23:32:22.218] [Server thread/INFO] [net.minecraft.server.level.progress.LoggingLevelLoadListener/]: Loading 0 persistent chunks...
[066月2026 23:32:22.218] [Server thread/INFO] [net.minecraft.server.level.progress.LoggingLevelLoadListener/]: スポーン地点を準備中：16%
[066月2026 23:32:22.219] [Server thread/INFO] [net.minecraft.server.MinecraftServer/]: Saving chunks for level 'ServerLevel[新規ワールド]'/minecraft:overworld
[066月2026 23:32:22.366] [Server thread/INFO] [net.minecraft.server.MinecraftServer/]: Saving chunks for level 'ServerLevel[新規ワールド]'/minecraft:the_end
[066月2026 23:32:22.482] [Server thread/INFO] [net.minecraft.server.MinecraftServer/]: Saving chunks for level 'ServerLevel[新規ワールド]'/minecraft:the_nether
[066月2026 23:32:22.805] [Server thread/INFO] [net.minecraft.server.MinecraftServer/]: ThreadedAnvilChunkStorage (world): All chunks are saved
[066月2026 23:32:22.805] [Server thread/INFO] [net.minecraft.server.MinecraftServer/]: ThreadedAnvilChunkStorage (DIM1): All chunks are saved
[066月2026 23:32:22.805] [Server thread/INFO] [net.minecraft.server.MinecraftServer/]: ThreadedAnvilChunkStorage (DIM-1): All chunks are saved
[066月2026 23:32:22.805] [Server thread/INFO] [net.minecraft.server.MinecraftServer/]: ThreadedAnvilChunkStorage: All dimensions are saved
[066月2026 23:32:22.807] [Server thread/INFO] [net.neoforged.neoforge.server.permission.PermissionAPI/]: Successfully initialized permission handler neoforge:default_handler
[066月2026 23:32:23.315] [Server thread/INFO] [net.minecraft.server.level.progress.LoggingLevelLoadListener/]: Loading 47 chunks for player spawn...
[066月2026 23:32:23.315] [Server thread/INFO] [net.minecraft.server.level.progress.LoggingLevelLoadListener/]: スポーン地点を準備中：16%
[066月2026 23:32:23.359] [Server thread/INFO] [net.minecraft.server.level.progress.LoggingLevelLoadListener/]: スポーン地点を準備中：16%
[066月2026 23:32:23.408] [Server thread/INFO] [net.minecraft.server.level.progress.LoggingLevelLoadListener/]: スポーン地点を準備中：16%
[066月2026 23:32:23.458] [Server thread/INFO] [net.minecraft.server.level.progress.LoggingLevelLoadListener/]: スポーン地点を準備中：16%
[066月2026 23:32:23.508] [Server thread/INFO] [net.minecraft.server.level.progress.LoggingLevelLoadListener/]: スポーン地点を準備中：16%
[066月2026 23:32:23.907] [Server thread/INFO] [net.minecraft.server.level.progress.LoggingLevelLoadListener/]: スポーン地点を準備中：29%
[066月2026 23:32:24.408] [Server thread/INFO] [net.minecraft.server.level.progress.LoggingLevelLoadListener/]: スポーン地点を準備中：100%
[066月2026 23:32:24.408] [Server thread/INFO] [net.minecraft.server.level.progress.LoggingLevelLoadListener/]: Time elapsed: 3548 ms
[066月2026 23:32:24.579] [Server thread/INFO] [net.minecraft.server.players.PlayerList/]: Dev[local:E:a9b30f98] logged in with entity id 17 at (160.5, 72.0, -24.5)
[066月2026 23:32:24.610] [Server thread/INFO] [net.minecraft.server.MinecraftServer/]: Devがゲームに参加しました
[066月2026 23:32:24.683] [Server thread/INFO] [net.minecraft.client.server.IntegratedServer/]: Changing view distance to 16, from 10
[066月2026 23:32:24.685] [Server thread/INFO] [net.minecraft.client.server.IntegratedServer/]: Changing simulation distance to 12, from 0
[066月2026 23:32:24.694] [Render thread/WARN] [net.minecraft.client.multiplayer.ClientPacketListener/]: Ignoring chat session from Dev due to missing Services public key
[066月2026 23:32:24.695] [Render thread/INFO] [net.minecraft.advancements.AdvancementTree/]: Loaded 2 advancements
[066月2026 23:32:24.738] [Render thread/INFO] [net.minecraft.client.renderer.DynamicUniformStorage/]: Resizing Dynamic Transforms UBO, capacity limit of 2 reached during a single frame. New capacity will be 4.
[066月2026 23:32:24.764] [Render thread/INFO] [net.minecraft.client.renderer.DynamicUniformStorage/]: Resizing Dynamic Transforms UBO, capacity limit of 4 reached during a single frame. New capacity will be 8.
[066月2026 23:32:24.945] [Render thread/INFO] [net.minecraft.client.renderer.DynamicUniformStorage/]: Resizing Chunk Sections UBO, capacity limit of 2 reached during a single frame. New capacity will be 8.
[066月2026 23:32:24.974] [Render thread/INFO] [net.minecraft.client.renderer.DynamicUniformStorage/]: Resizing Chunk Sections UBO, capacity limit of 8 reached during a single frame. New capacity will be 16.
[066月2026 23:32:25.277] [Render thread/INFO] [net.minecraft.client.renderer.DynamicUniformStorage/]: Resizing Chunk Sections UBO, capacity limit of 16 reached during a single frame. New capacity will be 32.
[066月2026 23:32:25.608] [Render thread/INFO] [net.minecraft.client.renderer.DynamicUniformStorage/]: Resizing Chunk Sections UBO, capacity limit of 32 reached during a single frame. New capacity will be 64.
[066月2026 23:32:26.457] [Render thread/INFO] [net.minecraft.client.renderer.DynamicUniformStorage/]: Resizing Chunk Sections UBO, capacity limit of 64 reached during a single frame. New capacity will be 128.
[066月2026 23:32:28.342] [Render thread/INFO] [net.minecraft.client.renderer.DynamicUniformStorage/]: Resizing Chunk Sections UBO, capacity limit of 128 reached during a single frame. New capacity will be 256.
[066月2026 23:32:31.178] [Render thread/INFO] [net.minecraft.client.renderer.DynamicUniformStorage/]: Resizing Chunk Sections UBO, capacity limit of 256 reached during a single frame. New capacity will be 512.
[066月2026 23:32:36.175] [Render thread/INFO] [net.minecraft.client.renderer.DynamicUniformStorage/]: Resizing Chunk Sections UBO, capacity limit of 512 reached during a single frame. New capacity will be 1024.
[066月2026 23:32:37.790] [Render thread/INFO] [net.minecraft.client.renderer.DynamicUniformStorage/]: Resizing Dynamic Transforms UBO, capacity limit of 8 reached during a single frame. New capacity will be 16.
[066月2026 23:32:51.074] [Render thread/INFO] [net.minecraft.client.gui.components.ChatComponent/]: [System] [CHAT] Summoned
[066月2026 23:32:58.823] [Render thread/INFO] [net.minecraft.client.gui.components.ChatComponent/]: [System] [CHAT] Summoned
[066月2026 23:33:37.530] [Server thread/INFO] [net.minecraft.server.MinecraftServer/]: ［Dev：ゲームモードをサバイバルモードに変更しました］
[066月2026 23:33:37.541] [Render thread/INFO] [net.minecraft.client.gui.components.ChatComponent/]: [System] [CHAT] ゲームモードをサバイバルモードに変更しました
[066月2026 23:33:40.524] [Render thread/INFO] [net.minecraft.client.gui.components.ChatComponent/]: [System] [CHAT] Summoned
[066月2026 23:33:57.225] [Render thread/INFO] [net.minecraft.advancements.AdvancementTree/]: Loaded 12 advancements
[066月2026 23:34:11.276] [Server thread/INFO] [net.minecraft.server.MinecraftServer/]: ［Dev：ゲームモードをクリエイティブモードに変更しました］
[066月2026 23:34:11.276] [Render thread/INFO] [net.minecraft.client.gui.components.ChatComponent/]: [System] [CHAT] ゲームモードをクリエイティブモードに変更しました
[066月2026 23:34:49.608] [Server thread/INFO] [net.minecraft.client.server.IntegratedServer/]: Saving and pausing game...
[066月2026 23:34:49.637] [Server thread/INFO] [net.minecraft.server.MinecraftServer/]: Saving chunks for level 'ServerLevel[新規ワールド]'/minecraft:overworld
[066月2026 23:34:49.647] [Server thread/INFO] [net.minecraft.server.MinecraftServer/]: Saving chunks for level 'ServerLevel[新規ワールド]'/minecraft:the_end
[066月2026 23:34:49.648] [Server thread/INFO] [net.minecraft.server.MinecraftServer/]: Saving chunks for level 'ServerLevel[新規ワールド]'/minecraft:the_nether
[066月2026 23:34:50.458] [Server thread/INFO] [net.minecraft.server.MinecraftServer/]: Stopping server
[066月2026 23:34:50.458] [Server thread/INFO] [net.minecraft.server.MinecraftServer/]: Saving players
[066月2026 23:34:50.491] [Server thread/INFO] [net.minecraft.server.network.ServerGamePacketListenerImpl/]: Dev lost connection: 切断されました
[066月2026 23:34:50.491] [Server thread/INFO] [net.minecraft.server.MinecraftServer/]: Devがゲームを退出しました
[066月2026 23:34:50.518] [Server thread/INFO] [net.minecraft.server.network.ServerCommonPacketListenerImpl/]: Stopping singleplayer server as player logged out
[066月2026 23:34:50.518] [Server thread/INFO] [net.minecraft.server.MinecraftServer/]: Saving worlds
[066月2026 23:34:50.668] [Server thread/INFO] [net.minecraft.server.MinecraftServer/]: Saving chunks for level 'ServerLevel[新規ワールド]'/minecraft:overworld
[066月2026 23:34:53.824] [Server thread/INFO] [net.minecraft.server.MinecraftServer/]: Saving chunks for level 'ServerLevel[新規ワールド]'/minecraft:the_end
[066月2026 23:34:53.870] [Server thread/INFO] [net.minecraft.server.MinecraftServer/]: Saving chunks for level 'ServerLevel[新規ワールド]'/minecraft:the_nether
[066月2026 23:34:53.954] [Server thread/INFO] [net.minecraft.server.MinecraftServer/]: ThreadedAnvilChunkStorage (world): All chunks are saved
[066月2026 23:34:53.954] [Server thread/INFO] [net.minecraft.server.MinecraftServer/]: ThreadedAnvilChunkStorage (DIM1): All chunks are saved
[066月2026 23:34:53.954] [Server thread/INFO] [net.minecraft.server.MinecraftServer/]: ThreadedAnvilChunkStorage (DIM-1): All chunks are saved
[066月2026 23:34:53.954] [Server thread/INFO] [net.minecraft.server.MinecraftServer/]: ThreadedAnvilChunkStorage: All dimensions are saved
[066月2026 23:34:55.942] [Render thread/INFO] [net.minecraft.client.Minecraft/]: Stopping!
